Mon Jun 26 18:43:35 CEST 2006
   ./configure  --cc=gcc --enable-mp3lame --disable-ffserver --disable-ffplay 
Mon Jun 26 19:58:24 CEST 2006
   ./configure  --cc=gcc --enable-mp3lame --disable-ffserver --disable-ffplay 
Tue Jun 27 16:26:39 CEST 2006
   ./configure  --cc=gcc --enable-mp3lame --disable-ffserver --disable-ffplay 
Mi 28 Jun 09:18:25 CEST 2006
   ./configure  --enable-mp3lame --disable-ffserver --disable-ffplay --disable-strip 
Wed Jun 28 10:04:06 CEST 2006
   ./configure  --cc=gcc --enable-mp3lame --disable-ffserver --disable-ffplay 
Mon Jul  3 17:59:30 CEST 2006
   ./configure  --cc=gcc --enable-mp3lame --disable-ffserver --disable-ffplay 
Mon Jul  3 18:22:45 CEST 2006
   ./configure  --cc=gcc --enable-mp3lame --disable-ffserver --disable-ffplay 
Mon Jul  3 18:42:29 CEST 2006
   ./configure  --cc=gcc --enable-mp3lame --disable-ffserver --disable-ffplay 
Mon Jul  3 18:42:57 CEST 2006
   ./configure  --cc=gcc --enable-mp3lame --disable-ffserver --disable-ffplay 
Thu Jul  6 20:34:06 CEST 2006
   ./configure  --cc=gcc --enable-mp3lame --disable-ffserver --disable-ffplay 
Fri Jul  7 17:12:46 CEST 2006
   ./configure  --cc=gcc --enable-mp3lame --disable-ffserver --disable-ffplay 
Fri Jul  7 17:14:55 CEST 2006
   ./configure  --cc=gcc --enable-mp3lame --disable-ffserver --disable-ffplay 
Fri Jul  7 17:21:17 CEST 2006
   ./configure  --cc=gcc --enable-mp3lame --disable-ffserver --disable-ffplay 
Fri Jul  7 17:23:33 CEST 2006
   ./configure  --cc=gcc --enable-mp3lame --disable-ffserver --disable-ffplay 
Fri Jul  7 17:42:30 CEST 2006
   ./configure  --cc=gcc --enable-mp3lame --disable-ffserver --disable-ffplay 
Fri Jul  7 17:43:49 CEST 2006
   ./configure  --cc=gcc --enable-mp3lame --disable-ffserver --disable-ffplay 
Fri Jul  7 17:47:11 CEST 2006
   ./configure  --cc=gcc --enable-mp3lame --disable-ffserver --disable-ffplay 
Fri Jul  7 17:48:42 CEST 2006
   ./configure  --cc=gcc --enable-mp3lame --disable-ffserver --disable-ffplay 
Fri Jul  7 17:53:34 CEST 2006
   ./configure  --cc=gcc --enable-mp3lame --disable-ffserver --disable-ffplay 
Fri Jul  7 17:57:52 CEST 2006
   ./configure  --cc=gcc --enable-mp3lame --disable-ffserver --disable-ffplay 
Fri Jul  7 18:01:03 CEST 2006
   ./configure  --cc=gcc --enable-mp3lame --disable-ffserver --disable-ffplay 
