# ./configure --cc=gcc --enable-mp3lame --disable-ffserver --disable-ffplay
BASH=/bin/sh
BASH_ARGC=([0]="4")
BASH_ARGV=([0]="--disable-ffplay" [1]="--disable-ffserver" [2]="--enable-mp3lame" [3]="--cc=gcc")
BASH_LINENO=([0]="0")
BASH_SOURCE=([0]="./configure")
BASH_VERSINFO=([0]="3" [1]="1" [2]="17" [3]="1" [4]="release" [5]="i486-pc-linux-gnu")
BASH_VERSION='3.1.17(1)-release'
BUILDSUF=
CODEC_LIST='ac3_encoder
mp2_encoder
mp3lame_encoder
oggvorbis_encoder
oggvorbis_decoder
oggtheora_encoder
oggtheora_decoder
faac_encoder
flac_encoder
xvid_encoder
mpeg1video_encoder
h264_encoder
mpeg2video_encoder
h261_encoder
h263_encoder
h263p_encoder
flv_encoder
rv10_encoder
rv20_encoder
mpeg4_encoder
msmpeg4v1_encoder
msmpeg4v2_encoder
msmpeg4v3_encoder
wmv1_encoder
wmv2_encoder
svq1_encoder
mjpeg_encoder
ljpeg_encoder
jpegls_encoder
png_encoder
ppm_encoder
pgm_encoder
pgmyuv_encoder
pbm_encoder
pam_encoder
huffyuv_encoder
ffvhuff_encoder
asv1_encoder
asv2_encoder
ffv1_encoder
snow_encoder
zlib_encoder
dvvideo_encoder
sonic_encoder
sonic_ls_encoder
x264_encoder
libgsm_encoder
rawvideo_encoder
h263_decoder
h261_decoder
mpeg4_decoder
msmpeg4v1_decoder
msmpeg4v2_decoder
msmpeg4v3_decoder
wmv1_decoder
wmv2_decoder
vc9_decoder
wmv3_decoder
h263i_decoder
flv_decoder
rv10_decoder
rv20_decoder
svq1_decoder
svq3_decoder
wmav1_decoder
wmav2_decoder
indeo2_decoder
indeo3_decoder
tscc_decoder
cscd_decoder
nuv_decoder
ulti_decoder
qdraw_decoder
xl_decoder
qpeg_decoder
loco_decoder
kmvc_decoder
wnv1_decoder
aasc_decoder
fraps_decoder
aac_decoder
mpeg4aac_decoder
mpeg1video_decoder
mpeg2video_decoder
mpegvideo_decoder
mpeg_xvmc_decoder
dvvideo_decoder
mjpeg_decoder
mjpegb_decoder
sp5x_decoder
png_decoder
mp2_decoder
mp3_decoder
mp3adu_decoder
mp3on4_decoder
mace3_decoder
mace6_decoder
huffyuv_decoder
ffvhuff_decoder
ffv1_decoder
snow_decoder
cyuv_decoder
h264_decoder
vp3_decoder
theora_decoder
asv1_decoder
asv2_decoder
vcr1_decoder
cljr_decoder
fourxm_decoder
mdec_decoder
roq_decoder
interplay_video_decoder
xan_wc3_decoder
rpza_decoder
cinepak_decoder
msrle_decoder
msvideo1_decoder
vqa_decoder
idcin_decoder
eightbps_decoder
smc_decoder
flic_decoder
truemotion1_decoder
truemotion2_decoder
vmdvideo_decoder
vmdaudio_decoder
mszh_decoder
zlib_decoder
zmbv_decoder
smacker_decoder
smackaud_decoder
sonic_decoder
ac3_decoder
dts_decoder
ra_144_decoder
ra_288_decoder
roq_dpcm_decoder
interplay_dpcm_decoder
xan_dpcm_decoder
sol_dpcm_decoder
qtrle_decoder
flac_decoder
shorten_decoder
alac_decoder
ws_snd1_decoder
vorbis_decoder
libgsm_decoder
qdm2_decoder
cook_decoder
truespeech_decoder
tta_decoder
avs_decoder
rawvideo_decoder
flashsv_decoder
amr_nb_decoder
amr_nb_encoder
amr_wb_decoder
amr_wb_encoder
bmp_decoder
mmvideo_decoder
dvdsub_decoder
dvdsub_encoder
dvbsub_decoder
dvbsub_encoder'
COLORTERM=gnome-terminal
DBUS_SESSION_BUS_ADDRESS=unix:abstract=/tmp/dbus-GMgc2Nw51s,guid=ea74ae4447aa08ce2ac123a19c69cc00
DESKTOP_SESSION=gnome
DIRSTACK=()
DISPLAY=:0.0
DUALCASE=1
EUID=0
EXESUF=
FFLDFLAGS='-Wl,--warn-common -rdynamic'
FFMPEG_CONFIGURATION=' --cc=gcc --enable-mp3lame --disable-ffserver --disable-ffplay '
FFSLDFLAGS=-Wl,-E
GDMSESSION=gnome
GDM_LANG=de_DE.UTF-8@euro
GDM_XSERVER_LOCATION=local
GNOME_DESKTOP_SESSION_ID=Default
GNOME_KEYRING_SOCKET=/tmp/keyring-XSo8Ot/socket
GROUPS=()
GSM_NO_GRAB_SERVER=1
GTK_RC_FILES=/etc/gtk/gtkrc:/home/kb87850/.gtkrc-1.2-gnome2
HOME=/home/kb87850
HOSTNAME=ubuntu
HOSTTYPE=i486
IFS=' 	
'
LANG=C
LANGUAGE=C
LC_ADDRESS=C
LC_ALL=C
LC_COLLATE=C
LC_CTYPE=C
LC_IDENTIFICATION=C
LC_MEASUREMENT=C
LC_MESSAGES=C
LC_MONETARY=C
LC_NAME=C
LC_NUMERIC=C
LC_PAPER=C
LC_TELEPHONE=C
LC_TIME=C
LDCONFIG=ldconfig
LIB='$(LIBPREF)$(NAME)$(LIBSUF)'
LIBGL_DRIVERS_PATH=/usr/lib/xorg/modules/dri
LIBOBJFLAGS=
LIBPREF=lib
LIBSUF=.a
LOGNAME=root
MACHTYPE=i486-pc-linux-gnu
OPTERR=1
OPTIND=1
OSTYPE=linux-gnu
PATH=/home/kb87850/bin:/usr/local/sbin:/usr/local/bin:/usr/sbin:/usr/bin:/sbin:/bin:/usr/X11R6/bin
PIPESTATUS=([0]="0")
POSIXLY_CORRECT=y
PPID=31618
PS4='+ '
PWD=/home/kb87850/Quellen/xvidcap/ffmpeg
RANDOM=26852
SESSION_MANAGER=local/ubuntu:/tmp/.ICE-unix/5019
SHELL=/bin/sh
SHELLOPTS=braceexpand:hashall:interactive-comments:posix
SHFLAGS='-shared -Wl,-soname,$@'
SHLVL=5
SLIBNAME='$(SLIBPREF)$(NAME)$(SLIBSUF)'
SLIBNAME_WITH_MAJOR='$(SLIBNAME).$(LIBMAJOR)'
SLIBNAME_WITH_VERSION='$(SLIBNAME).$(LIBVERSION)'
SLIBPREF=lib
SLIBSUF=.so
SSH_AGENT_PID=5066
SSH_AUTH_SOCK=/tmp/ssh-izPjLM5019/agent.5019
SUDO_COMMAND=/bin/bash
SUDO_GID=88850
SUDO_UID=88850
SUDO_USER=kb87850
TARGET_OS=Linux
TERM=xterm
TMPC=/tmp/ffmpeg-conf-9988-31619-569.c
TMPDIR1=/tmp
TMPE=/tmp/ffmpeg-conf-18421-31619-17012
TMPH=/tmp/ffmpeg-conf-30915-31619-26852.h
TMPO=/tmp/ffmpeg-conf-6538-31619-10729.o
TMPS=/tmp/ffmpeg-conf-22091-31619-20210.S
UID=0
USER=root
USERNAME=kb87850
WINDOWID=25165930
XAUTHORITY=/home/kb87850/.Xauthority
_=--disable-ffplay
a52=no
a52bin=no
altivec=default
amr_if2=no
amr_nb=no
amr_nb_fixed=no
amr_wb=no
ar=ar
audio_beos=no
audio_oss=yes
bigendian=no
bindir=
bktr=no
cc=gcc
cpu=x86
cross_prefix=
cygwin=no
dc1394=no
debug=yes
demuxers=yes
dlfcn=no
dlopen=no
dostrip=yes
dts=no
dv1394=yes
emu_fast_int=no
extralibs=-lm
faac=no
faad=no
faadbin=no
ffplay=no
ffserver=no
gpl=no
gprof=no
incdir=
installstrip=-s
inttypes=yes
iwmmxt=default
libdir=
libgsm=no
libogg=no
log=yes
logfile=config.err
lshared=no
lstatic=yes
lzo=yes
make=make
mandir=
memalignhack=no
mingw32=no
mingwce=no
mmi=default
mmx=default
mp3lame=yes
mpegaudio_hp=yes
muxers=yes
need_inet_aton=no
netserver=no
network=yes
opt=--disable-ffplay
optimize=yes
os2=no
powerpc_perf=no
pp=no
prefix=/usr/local
protocols=yes
pthreads=no
ranlib=ranlib
simpleidct=yes
source_path=/home/kb87850/Quellen/xvidcap/ffmpeg
source_path_used=no
strip=strip
sunmlib=no
targetos=Linux
theora=no
tune=generic
v4l=yes
v4l2=yes
vhook=default
vorbis=no
x264=no
xvid=no
zlib=yes
check_header altivec.h
check_cpp
BEGIN /tmp/ffmpeg-conf-9988-31619-569.c
     1	#include <altivec.h>
     2	int x;
END /tmp/ffmpeg-conf-9988-31619-569.c
gcc -E -o /tmp/ffmpeg-conf-6538-31619-10729.o /tmp/ffmpeg-conf-9988-31619-569.c
/tmp/ffmpeg-conf-9988-31619-569.c:1:21: error: altivec.h: No such file or directory
check_cc -msse
BEGIN /tmp/ffmpeg-conf-9988-31619-569.c
     1	#include <xmmintrin.h>
     2	int main(void) {
     3	#if __GNUC__ > 3 || (__GNUC__ == 3 && __GNUC_MINOR__ >= 2)
     4	return 0;
     5	#else
     6	#error no vector builtins
     7	#endif
     8	}
END /tmp/ffmpeg-conf-9988-31619-569.c
gcc -msse -c -o /tmp/ffmpeg-conf-6538-31619-10729.o /tmp/ffmpeg-conf-9988-31619-569.c
check_cc -march=athlon
BEGIN /tmp/ffmpeg-conf-9988-31619-569.c
     1	#include <mm3dnow.h>
     2	int main(void) {
     3	__m64 b1;
     4	b1 = _m_pswapd(b1);
     5	_m_femms();
     6	return 0;
     7	}
END /tmp/ffmpeg-conf-9988-31619-569.c
gcc -march=athlon -c -o /tmp/ffmpeg-conf-6538-31619-10729.o /tmp/ffmpeg-conf-9988-31619-569.c
check_ld
BEGIN /tmp/ffmpeg-conf-9988-31619-569.c
     1	#include <inttypes.h>
     2	int main(int argc, char ** argv){
     3	        volatile uint32_t i=0x01234567;
     4	        return (*((uint8_t*)(&i))) == 0x67;
     5	}
END /tmp/ffmpeg-conf-9988-31619-569.c
gcc -Wl,--warn-common -rdynamic -o /tmp/ffmpeg-conf-18421-31619-17012 /tmp/ffmpeg-conf-9988-31619-569.c -lm
check_header inttypes.h
check_cpp
BEGIN /tmp/ffmpeg-conf-9988-31619-569.c
     1	#include <inttypes.h>
     2	int x;
END /tmp/ffmpeg-conf-9988-31619-569.c
gcc -E -o /tmp/ffmpeg-conf-6538-31619-10729.o /tmp/ffmpeg-conf-9988-31619-569.c
check_cc
BEGIN /tmp/ffmpeg-conf-9988-31619-569.c
     1	#include <inttypes.h>
     2	int main(int argc, char ** argv){
     3	        volatile uint_fast64_t i=0x01234567;
     4	        return 0;
     5	}
END /tmp/ffmpeg-conf-9988-31619-569.c
gcc -c -o /tmp/ffmpeg-conf-6538-31619-10729.o /tmp/ffmpeg-conf-9988-31619-569.c
check_header malloc.h
check_cpp
BEGIN /tmp/ffmpeg-conf-9988-31619-569.c
     1	#include <malloc.h>
     2	int x;
END /tmp/ffmpeg-conf-9988-31619-569.c
gcc -E -o /tmp/ffmpeg-conf-6538-31619-10729.o /tmp/ffmpeg-conf-9988-31619-569.c
check_func memalign
check_ld
BEGIN /tmp/ffmpeg-conf-9988-31619-569.c
     1	extern int memalign();
     2	int main(){
     3	    memalign();
     4	}
END /tmp/ffmpeg-conf-9988-31619-569.c
gcc -Wl,--warn-common -rdynamic -o /tmp/ffmpeg-conf-18421-31619-17012 /tmp/ffmpeg-conf-9988-31619-569.c -lm
check_func localtime_r
check_ld
BEGIN /tmp/ffmpeg-conf-9988-31619-569.c
     1	extern int localtime_r();
     2	int main(){
     3	    localtime_r();
     4	}
END /tmp/ffmpeg-conf-9988-31619-569.c
gcc -Wl,--warn-common -rdynamic -o /tmp/ffmpeg-conf-18421-31619-17012 /tmp/ffmpeg-conf-9988-31619-569.c -lm
check_lib zlib.h zlibVersion -lz
check_header zlib.h
check_cpp
BEGIN /tmp/ffmpeg-conf-9988-31619-569.c
     1	#include <zlib.h>
     2	int x;
END /tmp/ffmpeg-conf-9988-31619-569.c
gcc -E -o /tmp/ffmpeg-conf-6538-31619-10729.o /tmp/ffmpeg-conf-9988-31619-569.c
check_func zlibVersion
check_ld
BEGIN /tmp/ffmpeg-conf-9988-31619-569.c
     1	extern int zlibVersion();
     2	int main(){
     3	    zlibVersion();
     4	}
END /tmp/ffmpeg-conf-9988-31619-569.c
gcc -Wl,--warn-common -rdynamic -o /tmp/ffmpeg-conf-18421-31619-17012 /tmp/ffmpeg-conf-9988-31619-569.c -lm -lz
check_lib lame/lame.h lame_init -lmp3lame
check_header lame/lame.h
check_cpp
BEGIN /tmp/ffmpeg-conf-9988-31619-569.c
     1	#include <lame/lame.h>
     2	int x;
END /tmp/ffmpeg-conf-9988-31619-569.c
gcc -E -o /tmp/ffmpeg-conf-6538-31619-10729.o /tmp/ffmpeg-conf-9988-31619-569.c
check_func lame_init
check_ld
BEGIN /tmp/ffmpeg-conf-9988-31619-569.c
     1	extern int lame_init();
     2	int main(){
     3	    lame_init();
     4	}
END /tmp/ffmpeg-conf-9988-31619-569.c
gcc -Wl,--warn-common -rdynamic -o /tmp/ffmpeg-conf-18421-31619-17012 /tmp/ffmpeg-conf-9988-31619-569.c -lm -lz -lmp3lame
check_ld
BEGIN /tmp/ffmpeg-conf-9988-31619-569.c
     1	#define _ISOC9X_SOURCE  1
     2	#include <math.h>
     3	int main( void ) { return (lrintf(3.999f) > 0)?0:1; }
END /tmp/ffmpeg-conf-9988-31619-569.c
gcc -Wl,--warn-common -rdynamic -o /tmp/ffmpeg-conf-18421-31619-17012 /tmp/ffmpeg-conf-9988-31619-569.c -lm -lz -lmp3lame
check_cc
BEGIN /tmp/ffmpeg-conf-9988-31619-569.c
     1	void foo(char * restrict p);
END /tmp/ffmpeg-conf-9988-31619-569.c
gcc -c -o /tmp/ffmpeg-conf-6538-31619-10729.o /tmp/ffmpeg-conf-9988-31619-569.c
/tmp/ffmpeg-conf-9988-31619-569.c:1: error: syntax error before 'p'
check_cc
BEGIN /tmp/ffmpeg-conf-9988-31619-569.c
     1	void foo(char * __restrict__ p);
END /tmp/ffmpeg-conf-9988-31619-569.c
gcc -c -o /tmp/ffmpeg-conf-6538-31619-10729.o /tmp/ffmpeg-conf-9988-31619-569.c
check_header dlfcn.h
check_cpp
BEGIN /tmp/ffmpeg-conf-9988-31619-569.c
     1	#include <dlfcn.h>
     2	int x;
END /tmp/ffmpeg-conf-9988-31619-569.c
gcc -E -o /tmp/ffmpeg-conf-6538-31619-10729.o /tmp/ffmpeg-conf-9988-31619-569.c
check_func dlopen
check_ld
BEGIN /tmp/ffmpeg-conf-9988-31619-569.c
     1	extern int dlopen();
     2	int main(){
     3	    dlopen();
     4	}
END /tmp/ffmpeg-conf-9988-31619-569.c
gcc -Wl,--warn-common -rdynamic -o /tmp/ffmpeg-conf-18421-31619-17012 /tmp/ffmpeg-conf-9988-31619-569.c -lm -lz -lmp3lame -ldl
check_func dlopen
check_ld
BEGIN /tmp/ffmpeg-conf-9988-31619-569.c
     1	extern int dlopen();
     2	int main(){
     3	    dlopen();
     4	}
END /tmp/ffmpeg-conf-9988-31619-569.c
gcc -Wl,--warn-common -rdynamic -o /tmp/ffmpeg-conf-18421-31619-17012 /tmp/ffmpeg-conf-9988-31619-569.c -lm -lz -lmp3lame
/tmp/ccePKLfz.o: In function `main':ffmpeg-conf-9988-31619-569.c:(.text+0x1d): undefined reference to `dlopen'
collect2: ld returned 1 exit status
check_ld
BEGIN /tmp/ffmpeg-conf-9988-31619-569.c
     1	#include <X11/Xlib.h>
     2	#include <Imlib2.h>
     3	int main( void ) { return (int) imlib_load_font("foo"); }
END /tmp/ffmpeg-conf-9988-31619-569.c
gcc -Wl,--warn-common -rdynamic -o /tmp/ffmpeg-conf-18421-31619-17012 /tmp/ffmpeg-conf-9988-31619-569.c -lm -lz -lmp3lame -ldl -lImlib2
/tmp/ffmpeg-conf-9988-31619-569.c:2:20: error: Imlib2.h: No such file or directory
check_ld
BEGIN /tmp/ffmpeg-conf-9988-31619-569.c
     1	#include <ft2build.h>
     2	int main( void ) { return (int) FT_Init_FreeType(0); }
END /tmp/ffmpeg-conf-9988-31619-569.c
gcc -I/usr/include/freetype2 -Wl,--warn-common -rdynamic -o /tmp/ffmpeg-conf-18421-31619-17012 /tmp/ffmpeg-conf-9988-31619-569.c -lm -lz -lmp3lame -ldl -lfreetype -lz
check_ld
BEGIN /tmp/ffmpeg-conf-9988-31619-569.c
     1	#include <sys/types.h>
     2	#include <sys/socket.h>
     3	#include <netinet/in.h>
     4	#include <netdb.h>
     5	int main( void ) {
     6	  struct sockaddr_storage saddr;
     7	  struct ipv6_mreq mreq6;
     8	  getaddrinfo(0,0,0,0);
     9	  getnameinfo(0,0,0,0,0,0,0);
    10	  IN6_IS_ADDR_MULTICAST((const struct in6_addr *)0);
    11	}
END /tmp/ffmpeg-conf-9988-31619-569.c
gcc -Wl,--warn-common -rdynamic -o /tmp/ffmpeg-conf-18421-31619-17012 /tmp/ffmpeg-conf-9988-31619-569.c -lm -lz -lmp3lame -ldl
check_cc
BEGIN /tmp/ffmpeg-conf-9988-31619-569.c
     1	#include <sys/time.h>
     2	#include <asm/types.h>
     3	#include <linux/videodev2.h>
     4	int dummy = V4L2_PIX_FMT_YUV420;
     5	struct v4l2_buffer dummy1;
END /tmp/ffmpeg-conf-9988-31619-569.c
gcc -c -o /tmp/ffmpeg-conf-6538-31619-10729.o /tmp/ffmpeg-conf-9988-31619-569.c
check_cflags -Wdeclaration-after-statement
check_cc -Wdeclaration-after-statement
BEGIN /tmp/ffmpeg-conf-9988-31619-569.c
     1	int x;
END /tmp/ffmpeg-conf-9988-31619-569.c
gcc -g -Wdeclaration-after-statement -c -o /tmp/ffmpeg-conf-6538-31619-10729.o /tmp/ffmpeg-conf-9988-31619-569.c
check_cflags -Wall
check_cc -Wall
BEGIN /tmp/ffmpeg-conf-9988-31619-569.c
     1	int x;
END /tmp/ffmpeg-conf-9988-31619-569.c
gcc -g -Wdeclaration-after-statement -Wall -c -o /tmp/ffmpeg-conf-6538-31619-10729.o /tmp/ffmpeg-conf-9988-31619-569.c
check_cflags -Wno-switch
check_cc -Wno-switch
BEGIN /tmp/ffmpeg-conf-9988-31619-569.c
     1	int x;
END /tmp/ffmpeg-conf-9988-31619-569.c
gcc -g -Wdeclaration-after-statement -Wall -Wno-switch -c -o /tmp/ffmpeg-conf-6538-31619-10729.o /tmp/ffmpeg-conf-9988-31619-569.c
check_ldflags -Wl,--as-needed -Wl,-rpath-link,\$(BUILD_ROOT)/libavcodec -Wl,-rpath-link,\$(BUILD_ROOT)/libavformat -Wl,-rpath-link,\$(BUILD_ROOT)/libavutil
check_ld -Wl,--as-needed -Wl,-rpath-link,\$(BUILD_ROOT)/libavcodec -Wl,-rpath-link,\$(BUILD_ROOT)/libavformat -Wl,-rpath-link,\$(BUILD_ROOT)/libavutil
BEGIN /tmp/ffmpeg-conf-9988-31619-569.c
     1	int main(){
     2	    return 0;
     3	}
END /tmp/ffmpeg-conf-9988-31619-569.c
gcc -g -Wdeclaration-after-statement -Wall -Wno-switch -Wl,--warn-common -rdynamic -Wl,--as-needed -Wl,-rpath-link,\$(BUILD_ROOT)/libavcodec -Wl,-rpath-link,\$(BUILD_ROOT)/libavformat -Wl,-rpath-link,\$(BUILD_ROOT)/libavutil -o /tmp/ffmpeg-conf-18421-31619-17012 /tmp/ffmpeg-conf-9988-31619-569.c -lm -lz -lmp3lame -ldl
